<?xml version="1.0" encoding="UTF-8"?>
<!-- Generated by org.testng.reporters.JUnitReportReporter -->
<testsuite skipped="0" hostname="dell-PC" name="javaProg.HelloWorld" tests="1" failures="0" timestamp="24 Apr 2018 08:20:24 GMT" time="20.498" errors="0">
  <testcase name="simpleJava" time="20.498" classname="javaProg.HelloWorld"/>
</testsuite> <!-- javaProg.HelloWorld -->
